c:\users\pelın\source\repos\assıgnment2\spıncube\x64\debug\vc142.pdb
c:\users\pelın\source\repos\assıgnment2\spıncube\x64\debug\vc142.ıdb
c:\users\pelın\source\repos\assıgnment2\spıncube\x64\debug\maın.obj
c:\users\pelın\source\repos\assıgnment2\spıncube\x64\debug\ınıtshader.obj
c:\users\pelın\source\repos\assıgnment2\x64\debug\spıncube.ılk
c:\users\pelın\source\repos\assıgnment2\x64\debug\spıncube.exe
c:\users\pelın\source\repos\assıgnment2\x64\debug\spıncube.pdb
c:\users\pelin\source\repos\assignment2\spincube\x64\debug\ınitshader.obj
c:\users\pelin\source\repos\assignment2\spincube\x64\debug\main.obj
c:\users\pelin\source\repos\assignment2\spincube\x64\debug\vc142.idb
c:\users\pelin\source\repos\assignment2\spincube\x64\debug\vc142.pdb
c:\users\pelin\source\repos\assignment2\x64\debug\spincube.pdb
c:\users\pelin\source\repos\assignment2\x64\debug\spincube.exe
c:\users\pelin\source\repos\assignment2\x64\debug\spincube.ilk
c:\users\pelin\source\repos\assignment2\spincube\x64\debug\spincube.tlog\cl.command.1.tlog
c:\users\pelin\source\repos\assignment2\spincube\x64\debug\spincube.tlog\cl.read.1.tlog
c:\users\pelin\source\repos\assignment2\spincube\x64\debug\spincube.tlog\cl.write.1.tlog
c:\users\pelin\source\repos\assignment2\spincube\x64\debug\spincube.tlog\link.command.1.tlog
c:\users\pelin\source\repos\assignment2\spincube\x64\debug\spincube.tlog\link.read.1.tlog
c:\users\pelin\source\repos\assignment2\spincube\x64\debug\spincube.tlog\link.write.1.tlog
